09:18:16.719 [main] INFO  c.g.e.EduApplication - [logStarting,55] - Starting EduApplication on PC-20190829ERVS with PID 10232 (started by Administrator in D:\新建文件夹\guli_parent)
09:18:16.728 [main] INFO  c.g.e.EduApplication - [logStartupProfileInfo,655] - The following profiles are active: dev
09:18:21.526 [main] INFO  o.a.c.h.Http11NioProtocol - [log,173] - Initializing ProtocolHandler ["http-nio-8001"]
09:18:21.528 [main] INFO  o.a.c.c.StandardService - [log,173] - Starting service [Tomcat]
09:18:21.528 [main] INFO  o.a.c.c.StandardEngine - [log,173] - Starting Servlet engine: [Apache Tomcat/9.0.27]
09:18:21.751 [main] INFO  o.a.c.c.C.[.[.[/] - [log,173] - Initializing Spring embedded WebApplicationContext
09:18:22.192 [main] INFO  c.z.h.HikariDataSource - [getConnection,110] - HikariPool-1 - Starting...
09:18:24.636 [main] INFO  o.a.c.c.StandardService - [log,173] - Stopping service [Tomcat]
09:18:53.529 [main] INFO  c.g.e.EduApplication - [logStarting,55] - Starting EduApplication on PC-20190829ERVS with PID 9492 (started by Administrator in D:\新建文件夹\guli_parent)
09:18:53.534 [main] INFO  c.g.e.EduApplication - [logStartupProfileInfo,655] - The following profiles are active: dev
09:18:56.517 [main] INFO  o.a.c.h.Http11NioProtocol - [log,173] - Initializing ProtocolHandler ["http-nio-8001"]
09:18:56.518 [main] INFO  o.a.c.c.StandardService - [log,173] - Starting service [Tomcat]
09:18:56.518 [main] INFO  o.a.c.c.StandardEngine - [log,173] - Starting Servlet engine: [Apache Tomcat/9.0.27]
09:18:56.636 [main] INFO  o.a.c.c.C.[.[.[/] - [log,173] - Initializing Spring embedded WebApplicationContext
09:18:56.914 [main] INFO  c.z.h.HikariDataSource - [getConnection,110] - HikariPool-1 - Starting...
09:18:57.981 [main] INFO  c.z.h.HikariDataSource - [getConnection,123] - HikariPool-1 - Start completed.
09:18:59.194 [main] INFO  s.d.s.w.PropertySourcedRequestMappingHandlerMapping - [initHandlerMethods,69] - Mapped URL path [/v2/api-docs] onto method [springfox.documentation.swagger2.web.Swagger2Controller#getDocumentation(String, HttpServletRequest)]
09:19:00.313 [main] INFO  s.d.s.w.p.DocumentationPluginsBootstrapper - [start,147] - Context refreshed
09:19:00.332 [main] INFO  s.d.s.w.p.DocumentationPluginsBootstrapper - [start,150] - Found 1 custom documentation plugin(s)
09:19:00.369 [main] INFO  s.d.s.w.s.ApiListingReferenceScanner - [scan,41] - Scanning for api listing references
09:19:00.627 [main] INFO  o.a.c.h.Http11NioProtocol - [log,173] - Starting ProtocolHandler ["http-nio-8001"]
09:19:00.657 [main] INFO  c.g.e.EduApplication - [logStarted,61] - Started EduApplication in 8.503 seconds (JVM running for 10.667)
13:14:35.266 [http-nio-8001-exec-1] INFO  o.a.c.c.C.[.[.[/] - [log,173] - Initializing Spring DispatcherServlet 'dispatcherServlet'
14:24:31.961 [main] INFO  c.g.e.EduApplication - [logStarting,55] - Starting EduApplication on PC-20190829ERVS with PID 7136 (started by Administrator in D:\新建文件夹\guli_parent)
14:24:31.965 [main] INFO  c.g.e.EduApplication - [logStartupProfileInfo,655] - The following profiles are active: dev
14:24:36.599 [main] INFO  o.a.c.h.Http11NioProtocol - [log,173] - Initializing ProtocolHandler ["http-nio-8001"]
14:24:36.600 [main] INFO  o.a.c.c.StandardService - [log,173] - Starting service [Tomcat]
14:24:36.600 [main] INFO  o.a.c.c.StandardEngine - [log,173] - Starting Servlet engine: [Apache Tomcat/9.0.27]
14:24:36.762 [main] INFO  o.a.c.c.C.[.[.[/] - [log,173] - Initializing Spring embedded WebApplicationContext
14:24:37.247 [main] INFO  c.z.h.HikariDataSource - [getConnection,110] - HikariPool-1 - Starting...
14:24:38.187 [main] INFO  c.z.h.HikariDataSource - [getConnection,123] - HikariPool-1 - Start completed.
14:24:39.603 [main] INFO  s.d.s.w.PropertySourcedRequestMappingHandlerMapping - [initHandlerMethods,69] - Mapped URL path [/v2/api-docs] onto method [springfox.documentation.swagger2.web.Swagger2Controller#getDocumentation(String, HttpServletRequest)]
14:24:42.014 [main] INFO  s.d.s.w.p.DocumentationPluginsBootstrapper - [start,147] - Context refreshed
14:24:42.187 [main] INFO  s.d.s.w.p.DocumentationPluginsBootstrapper - [start,150] - Found 1 custom documentation plugin(s)
14:24:42.311 [main] INFO  s.d.s.w.s.ApiListingReferenceScanner - [scan,41] - Scanning for api listing references
14:24:42.798 [main] INFO  o.a.c.h.Http11NioProtocol - [log,173] - Starting ProtocolHandler ["http-nio-8001"]
14:24:42.846 [main] INFO  c.g.e.EduApplication - [logStarted,61] - Started EduApplication in 12.142 seconds (JVM running for 14.289)
14:25:38.332 [http-nio-8001-exec-2] INFO  o.a.c.c.C.[.[.[/] - [log,173] - Initializing Spring DispatcherServlet 'dispatcherServlet'
15:02:31.598 [main] INFO  c.g.e.EduApplication - [logStarting,55] - Starting EduApplication on PC-20190829ERVS with PID 11576 (started by Administrator in D:\新建文件夹\guli_parent)
15:02:31.599 [main] INFO  c.g.e.EduApplication - [logStartupProfileInfo,655] - The following profiles are active: dev
15:02:33.948 [main] INFO  o.a.c.h.Http11NioProtocol - [log,173] - Initializing ProtocolHandler ["http-nio-8001"]
15:02:33.949 [main] INFO  o.a.c.c.StandardService - [log,173] - Starting service [Tomcat]
15:02:33.949 [main] INFO  o.a.c.c.StandardEngine - [log,173] - Starting Servlet engine: [Apache Tomcat/9.0.27]
15:02:34.067 [main] INFO  o.a.c.c.C.[.[.[/] - [log,173] - Initializing Spring embedded WebApplicationContext
15:02:34.289 [main] INFO  c.z.h.HikariDataSource - [getConnection,110] - HikariPool-1 - Starting...
15:02:35.041 [main] INFO  c.z.h.HikariDataSource - [getConnection,123] - HikariPool-1 - Start completed.
15:02:36.130 [main] INFO  s.d.s.w.PropertySourcedRequestMappingHandlerMapping - [initHandlerMethods,69] - Mapped URL path [/v2/api-docs] onto method [springfox.documentation.swagger2.web.Swagger2Controller#getDocumentation(String, HttpServletRequest)]
15:02:36.944 [main] INFO  s.d.s.w.p.DocumentationPluginsBootstrapper - [start,147] - Context refreshed
15:02:36.966 [main] INFO  s.d.s.w.p.DocumentationPluginsBootstrapper - [start,150] - Found 1 custom documentation plugin(s)
15:02:37.010 [main] INFO  s.d.s.w.s.ApiListingReferenceScanner - [scan,41] - Scanning for api listing references
15:02:37.367 [main] INFO  o.a.c.h.Http11NioProtocol - [log,173] - Starting ProtocolHandler ["http-nio-8001"]
15:02:37.403 [main] INFO  c.g.e.EduApplication - [logStarted,61] - Started EduApplication in 6.674 seconds (JVM running for 8.404)
15:02:39.631 [http-nio-8001-exec-1] INFO  o.a.c.c.C.[.[.[/] - [log,173] - Initializing Spring DispatcherServlet 'dispatcherServlet'
15:28:42.876 [main] INFO  c.g.e.EduApplication - [logStarting,55] - Starting EduApplication on PC-20190829ERVS with PID 7404 (started by Administrator in D:\新建文件夹\guli_parent)
15:28:42.882 [main] INFO  c.g.e.EduApplication - [logStartupProfileInfo,655] - The following profiles are active: dev
15:28:46.046 [main] INFO  o.a.c.h.Http11NioProtocol - [log,173] - Initializing ProtocolHandler ["http-nio-8001"]
15:28:46.047 [main] INFO  o.a.c.c.StandardService - [log,173] - Starting service [Tomcat]
15:28:46.047 [main] INFO  o.a.c.c.StandardEngine - [log,173] - Starting Servlet engine: [Apache Tomcat/9.0.27]
15:28:46.195 [main] INFO  o.a.c.c.C.[.[.[/] - [log,173] - Initializing Spring embedded WebApplicationContext
15:28:46.461 [main] INFO  c.z.h.HikariDataSource - [getConnection,110] - HikariPool-1 - Starting...
15:28:47.325 [main] INFO  c.z.h.HikariDataSource - [getConnection,123] - HikariPool-1 - Start completed.
15:28:48.426 [main] INFO  s.d.s.w.PropertySourcedRequestMappingHandlerMapping - [initHandlerMethods,69] - Mapped URL path [/v2/api-docs] onto method [springfox.documentation.swagger2.web.Swagger2Controller#getDocumentation(String, HttpServletRequest)]
15:28:49.212 [main] INFO  s.d.s.w.p.DocumentationPluginsBootstrapper - [start,147] - Context refreshed
15:28:49.366 [main] INFO  s.d.s.w.p.DocumentationPluginsBootstrapper - [start,150] - Found 1 custom documentation plugin(s)
15:28:49.439 [main] INFO  s.d.s.w.s.ApiListingReferenceScanner - [scan,41] - Scanning for api listing references
15:28:49.833 [main] INFO  o.a.c.h.Http11NioProtocol - [log,173] - Starting ProtocolHandler ["http-nio-8001"]
15:28:49.889 [main] INFO  c.g.e.EduApplication - [logStarted,61] - Started EduApplication in 7.949 seconds (JVM running for 9.587)
15:28:58.147 [http-nio-8001-exec-1] INFO  o.a.c.c.C.[.[.[/] - [log,173] - Initializing Spring DispatcherServlet 'dispatcherServlet'
15:33:26.294 [main] INFO  c.g.e.EduApplication - [logStarting,55] - Starting EduApplication on PC-20190829ERVS with PID 10588 (started by Administrator in D:\新建文件夹\guli_parent)
15:33:26.300 [main] INFO  c.g.e.EduApplication - [logStartupProfileInfo,655] - The following profiles are active: dev
15:33:29.484 [main] INFO  o.a.c.h.Http11NioProtocol - [log,173] - Initializing ProtocolHandler ["http-nio-8001"]
15:33:29.485 [main] INFO  o.a.c.c.StandardService - [log,173] - Starting service [Tomcat]
15:33:29.485 [main] INFO  o.a.c.c.StandardEngine - [log,173] - Starting Servlet engine: [Apache Tomcat/9.0.27]
15:33:29.609 [main] INFO  o.a.c.c.C.[.[.[/] - [log,173] - Initializing Spring embedded WebApplicationContext
15:33:29.845 [main] INFO  c.z.h.HikariDataSource - [getConnection,110] - HikariPool-1 - Starting...
15:33:30.656 [main] INFO  c.z.h.HikariDataSource - [getConnection,123] - HikariPool-1 - Start completed.
15:33:31.714 [main] INFO  s.d.s.w.PropertySourcedRequestMappingHandlerMapping - [initHandlerMethods,69] - Mapped URL path [/v2/api-docs] onto method [springfox.documentation.swagger2.web.Swagger2Controller#getDocumentation(String, HttpServletRequest)]
15:33:32.445 [main] INFO  s.d.s.w.p.DocumentationPluginsBootstrapper - [start,147] - Context refreshed
15:33:32.461 [main] INFO  s.d.s.w.p.DocumentationPluginsBootstrapper - [start,150] - Found 1 custom documentation plugin(s)
15:33:32.498 [main] INFO  s.d.s.w.s.ApiListingReferenceScanner - [scan,41] - Scanning for api listing references
15:33:32.847 [main] INFO  o.a.c.h.Http11NioProtocol - [log,173] - Starting ProtocolHandler ["http-nio-8001"]
15:33:32.884 [main] INFO  c.g.e.EduApplication - [logStarted,61] - Started EduApplication in 7.555 seconds (JVM running for 9.087)
15:33:51.521 [http-nio-8001-exec-1] INFO  o.a.c.c.C.[.[.[/] - [log,173] - Initializing Spring DispatcherServlet 'dispatcherServlet'
15:35:27.616 [main] INFO  c.g.e.EduApplication - [logStarting,55] - Starting EduApplication on PC-20190829ERVS with PID 12684 (started by Administrator in D:\新建文件夹\guli_parent)
15:35:27.623 [main] INFO  c.g.e.EduApplication - [logStartupProfileInfo,655] - The following profiles are active: dev
15:35:30.356 [main] INFO  o.a.c.h.Http11NioProtocol - [log,173] - Initializing ProtocolHandler ["http-nio-8001"]
15:35:30.357 [main] INFO  o.a.c.c.StandardService - [log,173] - Starting service [Tomcat]
15:35:30.357 [main] INFO  o.a.c.c.StandardEngine - [log,173] - Starting Servlet engine: [Apache Tomcat/9.0.27]
15:35:30.476 [main] INFO  o.a.c.c.C.[.[.[/] - [log,173] - Initializing Spring embedded WebApplicationContext
15:35:30.738 [main] INFO  c.z.h.HikariDataSource - [getConnection,110] - HikariPool-1 - Starting...
15:35:31.480 [main] INFO  c.z.h.HikariDataSource - [getConnection,123] - HikariPool-1 - Start completed.
15:35:32.665 [main] INFO  s.d.s.w.PropertySourcedRequestMappingHandlerMapping - [initHandlerMethods,69] - Mapped URL path [/v2/api-docs] onto method [springfox.documentation.swagger2.web.Swagger2Controller#getDocumentation(String, HttpServletRequest)]
15:35:33.819 [main] INFO  s.d.s.w.p.DocumentationPluginsBootstrapper - [start,147] - Context refreshed
15:35:33.842 [main] INFO  s.d.s.w.p.DocumentationPluginsBootstrapper - [start,150] - Found 1 custom documentation plugin(s)
15:35:33.885 [main] INFO  s.d.s.w.s.ApiListingReferenceScanner - [scan,41] - Scanning for api listing references
15:35:34.272 [main] INFO  o.a.c.h.Http11NioProtocol - [log,173] - Starting ProtocolHandler ["http-nio-8001"]
15:35:34.304 [main] INFO  c.g.e.EduApplication - [logStarted,61] - Started EduApplication in 7.502 seconds (JVM running for 9.209)
15:36:04.959 [http-nio-8001-exec-1] INFO  o.a.c.c.C.[.[.[/] - [log,173] - Initializing Spring DispatcherServlet 'dispatcherServlet'
16:34:40.067 [main] INFO  c.g.e.EduApplication - [logStarting,55] - Starting EduApplication on PC-20190829ERVS with PID 13048 (started by Administrator in D:\新建文件夹\guli_parent)
16:34:40.071 [main] INFO  c.g.e.EduApplication - [logStartupProfileInfo,655] - The following profiles are active: dev
16:34:45.393 [main] INFO  o.a.c.h.Http11NioProtocol - [log,173] - Initializing ProtocolHandler ["http-nio-8001"]
16:34:45.394 [main] INFO  o.a.c.c.StandardService - [log,173] - Starting service [Tomcat]
16:34:45.394 [main] INFO  o.a.c.c.StandardEngine - [log,173] - Starting Servlet engine: [Apache Tomcat/9.0.27]
16:34:45.541 [main] INFO  o.a.c.c.C.[.[.[/] - [log,173] - Initializing Spring embedded WebApplicationContext
16:34:46.053 [main] INFO  c.z.h.HikariDataSource - [getConnection,110] - HikariPool-1 - Starting...
16:34:47.123 [main] INFO  c.z.h.HikariDataSource - [getConnection,123] - HikariPool-1 - Start completed.
16:34:48.802 [main] INFO  s.d.s.w.PropertySourcedRequestMappingHandlerMapping - [initHandlerMethods,69] - Mapped URL path [/v2/api-docs] onto method [springfox.documentation.swagger2.web.Swagger2Controller#getDocumentation(String, HttpServletRequest)]
16:34:50.788 [main] INFO  s.d.s.w.p.DocumentationPluginsBootstrapper - [start,147] - Context refreshed
16:34:50.975 [main] INFO  s.d.s.w.p.DocumentationPluginsBootstrapper - [start,150] - Found 1 custom documentation plugin(s)
16:34:51.076 [main] INFO  s.d.s.w.s.ApiListingReferenceScanner - [scan,41] - Scanning for api listing references
16:34:51.779 [main] INFO  o.a.c.h.Http11NioProtocol - [log,173] - Starting ProtocolHandler ["http-nio-8001"]
16:34:51.846 [main] INFO  c.g.e.EduApplication - [logStarted,61] - Started EduApplication in 13.515 seconds (JVM running for 15.488)
16:35:38.287 [http-nio-8001-exec-1] INFO  o.a.c.c.C.[.[.[/] - [log,173] - Initializing Spring DispatcherServlet 'dispatcherServlet'
16:52:54.939 [main] INFO  c.g.e.EduApplication - [logStarting,55] - Starting EduApplication on PC-20190829ERVS with PID 10988 (started by Administrator in D:\新建文件夹\guli_parent)
16:52:54.945 [main] INFO  c.g.e.EduApplication - [logStartupProfileInfo,655] - The following profiles are active: dev
16:52:59.316 [main] INFO  o.a.c.h.Http11NioProtocol - [log,173] - Initializing ProtocolHandler ["http-nio-8001"]
16:52:59.318 [main] INFO  o.a.c.c.StandardService - [log,173] - Starting service [Tomcat]
16:52:59.318 [main] INFO  o.a.c.c.StandardEngine - [log,173] - Starting Servlet engine: [Apache Tomcat/9.0.27]
16:52:59.491 [main] INFO  o.a.c.c.C.[.[.[/] - [log,173] - Initializing Spring embedded WebApplicationContext
16:52:59.758 [main] INFO  c.z.h.HikariDataSource - [getConnection,110] - HikariPool-1 - Starting...
16:53:00.518 [main] INFO  c.z.h.HikariDataSource - [getConnection,123] - HikariPool-1 - Start completed.
16:53:01.865 [main] INFO  s.d.s.w.PropertySourcedRequestMappingHandlerMapping - [initHandlerMethods,69] - Mapped URL path [/v2/api-docs] onto method [springfox.documentation.swagger2.web.Swagger2Controller#getDocumentation(String, HttpServletRequest)]
16:53:02.980 [main] INFO  s.d.s.w.p.DocumentationPluginsBootstrapper - [start,147] - Context refreshed
16:53:03.012 [main] INFO  s.d.s.w.p.DocumentationPluginsBootstrapper - [start,150] - Found 1 custom documentation plugin(s)
16:53:03.165 [main] INFO  s.d.s.w.s.ApiListingReferenceScanner - [scan,41] - Scanning for api listing references
16:53:03.647 [main] INFO  o.a.c.h.Http11NioProtocol - [log,173] - Starting ProtocolHandler ["http-nio-8001"]
16:53:03.682 [main] INFO  c.g.e.EduApplication - [logStarted,61] - Started EduApplication in 10.37 seconds (JVM running for 13.394)
16:53:03.894 [http-nio-8001-exec-1] INFO  o.a.c.c.C.[.[.[/] - [log,173] - Initializing Spring DispatcherServlet 'dispatcherServlet'
