10:01:06.858 [main] INFO  c.g.e.EduApplication - [logStarting,55] - Starting EduApplication on PC-20190829ERVS with PID 2488 (started by Administrator in D:\新建文件夹\guli_parent)
10:01:06.873 [main] INFO  c.g.e.EduApplication - [logStartupProfileInfo,655] - The following profiles are active: dev
10:01:20.682 [main] INFO  o.a.c.h.Http11NioProtocol - [log,173] - Initializing ProtocolHandler ["http-nio-8001"]
10:01:20.683 [main] INFO  o.a.c.c.StandardService - [log,173] - Starting service [Tomcat]
10:01:20.683 [main] INFO  o.a.c.c.StandardEngine - [log,173] - Starting Servlet engine: [Apache Tomcat/9.0.27]
10:01:20.893 [main] INFO  o.a.c.c.C.[.[.[/] - [log,173] - Initializing Spring embedded WebApplicationContext
10:01:22.679 [main] INFO  c.z.h.HikariDataSource - [getConnection,110] - HikariPool-1 - Starting...
10:01:24.543 [main] INFO  c.z.h.HikariDataSource - [getConnection,123] - HikariPool-1 - Start completed.
10:01:26.916 [main] INFO  s.d.s.w.PropertySourcedRequestMappingHandlerMapping - [initHandlerMethods,69] - Mapped URL path [/v2/api-docs] onto method [springfox.documentation.swagger2.web.Swagger2Controller#getDocumentation(String, HttpServletRequest)]
10:01:31.641 [main] INFO  s.d.s.w.p.DocumentationPluginsBootstrapper - [start,147] - Context refreshed
10:01:32.021 [main] INFO  s.d.s.w.p.DocumentationPluginsBootstrapper - [start,150] - Found 1 custom documentation plugin(s)
10:01:32.178 [main] INFO  s.d.s.w.s.ApiListingReferenceScanner - [scan,41] - Scanning for api listing references
10:01:32.983 [main] INFO  o.a.c.h.Http11NioProtocol - [log,173] - Starting ProtocolHandler ["http-nio-8001"]
10:01:33.133 [main] INFO  c.g.e.EduApplication - [logStarted,61] - Started EduApplication in 28.669 seconds (JVM running for 33.45)
10:02:00.655 [http-nio-8001-exec-1] INFO  o.a.c.c.C.[.[.[/] - [log,173] - Initializing Spring DispatcherServlet 'dispatcherServlet'
11:00:20.396 [main] INFO  c.g.e.EduApplication - [logStarting,55] - Starting EduApplication on PC-20190829ERVS with PID 10644 (started by Administrator in D:\新建文件夹\guli_parent)
11:00:20.402 [main] INFO  c.g.e.EduApplication - [logStartupProfileInfo,655] - The following profiles are active: dev
11:00:26.903 [main] INFO  o.a.c.h.Http11NioProtocol - [log,173] - Initializing ProtocolHandler ["http-nio-8001"]
11:00:26.905 [main] INFO  o.a.c.c.StandardService - [log,173] - Starting service [Tomcat]
11:00:26.905 [main] INFO  o.a.c.c.StandardEngine - [log,173] - Starting Servlet engine: [Apache Tomcat/9.0.27]
11:00:27.148 [main] INFO  o.a.c.c.C.[.[.[/] - [log,173] - Initializing Spring embedded WebApplicationContext
11:00:27.641 [main] INFO  c.z.h.HikariDataSource - [getConnection,110] - HikariPool-1 - Starting...
11:00:29.024 [main] INFO  c.z.h.HikariDataSource - [getConnection,123] - HikariPool-1 - Start completed.
11:00:31.062 [main] INFO  s.d.s.w.PropertySourcedRequestMappingHandlerMapping - [initHandlerMethods,69] - Mapped URL path [/v2/api-docs] onto method [springfox.documentation.swagger2.web.Swagger2Controller#getDocumentation(String, HttpServletRequest)]
11:00:33.133 [main] INFO  s.d.s.w.p.DocumentationPluginsBootstrapper - [start,147] - Context refreshed
11:00:33.276 [main] INFO  s.d.s.w.p.DocumentationPluginsBootstrapper - [start,150] - Found 1 custom documentation plugin(s)
11:00:33.385 [main] INFO  s.d.s.w.s.ApiListingReferenceScanner - [scan,41] - Scanning for api listing references
11:00:34.220 [main] INFO  o.a.c.h.Http11NioProtocol - [log,173] - Starting ProtocolHandler ["http-nio-8001"]
11:00:34.305 [main] INFO  c.g.e.EduApplication - [logStarted,61] - Started EduApplication in 15.513 seconds (JVM running for 18.791)
11:00:41.785 [http-nio-8001-exec-3] INFO  o.a.c.c.C.[.[.[/] - [log,173] - Initializing Spring DispatcherServlet 'dispatcherServlet'
11:20:33.767 [main] INFO  c.g.e.EduApplication - [logStarting,55] - Starting EduApplication on PC-20190829ERVS with PID 12192 (started by Administrator in D:\新建文件夹\guli_parent)
11:20:33.775 [main] INFO  c.g.e.EduApplication - [logStartupProfileInfo,655] - The following profiles are active: dev
11:20:36.465 [main] INFO  o.a.c.h.Http11NioProtocol - [log,173] - Initializing ProtocolHandler ["http-nio-8001"]
11:20:36.466 [main] INFO  o.a.c.c.StandardService - [log,173] - Starting service [Tomcat]
11:20:36.467 [main] INFO  o.a.c.c.StandardEngine - [log,173] - Starting Servlet engine: [Apache Tomcat/9.0.27]
11:20:36.915 [main] INFO  o.a.c.c.C.[.[.[/] - [log,173] - Initializing Spring embedded WebApplicationContext
11:20:37.506 [main] INFO  c.z.h.HikariDataSource - [getConnection,110] - HikariPool-1 - Starting...
11:20:40.470 [main] INFO  c.z.h.HikariDataSource - [getConnection,123] - HikariPool-1 - Start completed.
11:20:42.034 [main] INFO  s.d.s.w.PropertySourcedRequestMappingHandlerMapping - [initHandlerMethods,69] - Mapped URL path [/v2/api-docs] onto method [springfox.documentation.swagger2.web.Swagger2Controller#getDocumentation(String, HttpServletRequest)]
11:20:43.368 [main] INFO  s.d.s.w.p.DocumentationPluginsBootstrapper - [start,147] - Context refreshed
11:20:43.482 [main] INFO  s.d.s.w.p.DocumentationPluginsBootstrapper - [start,150] - Found 1 custom documentation plugin(s)
11:20:43.725 [main] INFO  s.d.s.w.s.ApiListingReferenceScanner - [scan,41] - Scanning for api listing references
11:20:44.282 [main] INFO  o.a.c.h.Http11NioProtocol - [log,173] - Starting ProtocolHandler ["http-nio-8001"]
11:20:44.341 [main] INFO  c.g.e.EduApplication - [logStarted,61] - Started EduApplication in 11.551 seconds (JVM running for 15.205)
11:20:44.642 [http-nio-8001-exec-3] INFO  o.a.c.c.C.[.[.[/] - [log,173] - Initializing Spring DispatcherServlet 'dispatcherServlet'
12:56:48.392 [main] INFO  c.g.e.EduApplication - [logStarting,55] - Starting EduApplication on PC-20190829ERVS with PID 13016 (started by Administrator in D:\新建文件夹\guli_parent)
12:56:48.399 [main] INFO  c.g.e.EduApplication - [logStartupProfileInfo,655] - The following profiles are active: dev
12:56:52.202 [main] INFO  o.a.c.h.Http11NioProtocol - [log,173] - Initializing ProtocolHandler ["http-nio-8001"]
12:56:52.203 [main] INFO  o.a.c.c.StandardService - [log,173] - Starting service [Tomcat]
12:56:52.204 [main] INFO  o.a.c.c.StandardEngine - [log,173] - Starting Servlet engine: [Apache Tomcat/9.0.27]
12:56:52.359 [main] INFO  o.a.c.c.C.[.[.[/] - [log,173] - Initializing Spring embedded WebApplicationContext
12:56:52.807 [main] INFO  c.z.h.HikariDataSource - [getConnection,110] - HikariPool-1 - Starting...
12:56:54.638 [main] INFO  c.z.h.HikariDataSource - [getConnection,123] - HikariPool-1 - Start completed.
12:56:55.481 [main] INFO  s.d.s.w.PropertySourcedRequestMappingHandlerMapping - [initHandlerMethods,69] - Mapped URL path [/v2/api-docs] onto method [springfox.documentation.swagger2.web.Swagger2Controller#getDocumentation(String, HttpServletRequest)]
12:56:56.403 [main] INFO  s.d.s.w.p.DocumentationPluginsBootstrapper - [start,147] - Context refreshed
12:56:56.422 [main] INFO  s.d.s.w.p.DocumentationPluginsBootstrapper - [start,150] - Found 1 custom documentation plugin(s)
12:56:56.468 [main] INFO  s.d.s.w.s.ApiListingReferenceScanner - [scan,41] - Scanning for api listing references
12:56:56.735 [main] INFO  o.a.c.h.Http11NioProtocol - [log,173] - Starting ProtocolHandler ["http-nio-8001"]
12:56:56.768 [main] INFO  c.g.e.EduApplication - [logStarted,61] - Started EduApplication in 9.83 seconds (JVM running for 14.389)
12:57:45.091 [http-nio-8001-exec-1] INFO  o.a.c.c.C.[.[.[/] - [log,173] - Initializing Spring DispatcherServlet 'dispatcherServlet'
13:13:54.387 [main] INFO  c.g.e.EduApplication - [logStarting,55] - Starting EduApplication on PC-20190829ERVS with PID 5568 (started by Administrator in D:\新建文件夹\guli_parent)
13:13:54.392 [main] INFO  c.g.e.EduApplication - [logStartupProfileInfo,655] - The following profiles are active: dev
13:13:56.917 [main] INFO  o.a.c.h.Http11NioProtocol - [log,173] - Initializing ProtocolHandler ["http-nio-8001"]
13:13:56.918 [main] INFO  o.a.c.c.StandardService - [log,173] - Starting service [Tomcat]
13:13:56.919 [main] INFO  o.a.c.c.StandardEngine - [log,173] - Starting Servlet engine: [Apache Tomcat/9.0.27]
13:13:57.033 [main] INFO  o.a.c.c.C.[.[.[/] - [log,173] - Initializing Spring embedded WebApplicationContext
13:13:57.271 [main] INFO  c.z.h.HikariDataSource - [getConnection,110] - HikariPool-1 - Starting...
13:13:58.016 [main] INFO  c.z.h.HikariDataSource - [getConnection,123] - HikariPool-1 - Start completed.
13:13:58.647 [main] INFO  s.d.s.w.PropertySourcedRequestMappingHandlerMapping - [initHandlerMethods,69] - Mapped URL path [/v2/api-docs] onto method [springfox.documentation.swagger2.web.Swagger2Controller#getDocumentation(String, HttpServletRequest)]
13:13:59.347 [main] INFO  s.d.s.w.p.DocumentationPluginsBootstrapper - [start,147] - Context refreshed
13:13:59.363 [main] INFO  s.d.s.w.p.DocumentationPluginsBootstrapper - [start,150] - Found 1 custom documentation plugin(s)
13:13:59.400 [main] INFO  s.d.s.w.s.ApiListingReferenceScanner - [scan,41] - Scanning for api listing references
13:13:59.627 [main] INFO  o.a.c.h.Http11NioProtocol - [log,173] - Starting ProtocolHandler ["http-nio-8001"]
13:13:59.657 [main] INFO  c.g.e.EduApplication - [logStarted,61] - Started EduApplication in 6.161 seconds (JVM running for 7.509)
13:17:38.172 [http-nio-8001-exec-1] INFO  o.a.c.c.C.[.[.[/] - [log,173] - Initializing Spring DispatcherServlet 'dispatcherServlet'
14:45:49.252 [main] INFO  c.g.e.EduApplication - [logStarting,55] - Starting EduApplication on PC-20190829ERVS with PID 11660 (started by Administrator in D:\新建文件夹\guli_parent)
14:45:49.259 [main] INFO  c.g.e.EduApplication - [logStartupProfileInfo,655] - The following profiles are active: dev
14:45:53.548 [main] INFO  o.a.c.h.Http11NioProtocol - [log,173] - Initializing ProtocolHandler ["http-nio-8001"]
14:45:53.549 [main] INFO  o.a.c.c.StandardService - [log,173] - Starting service [Tomcat]
14:45:53.549 [main] INFO  o.a.c.c.StandardEngine - [log,173] - Starting Servlet engine: [Apache Tomcat/9.0.27]
14:45:53.713 [main] INFO  o.a.c.c.C.[.[.[/] - [log,173] - Initializing Spring embedded WebApplicationContext
14:45:54.253 [main] INFO  c.z.h.HikariDataSource - [getConnection,110] - HikariPool-1 - Starting...
14:45:55.364 [main] INFO  c.z.h.HikariDataSource - [getConnection,123] - HikariPool-1 - Start completed.
14:45:56.826 [main] INFO  s.d.s.w.PropertySourcedRequestMappingHandlerMapping - [initHandlerMethods,69] - Mapped URL path [/v2/api-docs] onto method [springfox.documentation.swagger2.web.Swagger2Controller#getDocumentation(String, HttpServletRequest)]
14:45:58.896 [main] INFO  s.d.s.w.p.DocumentationPluginsBootstrapper - [start,147] - Context refreshed
14:45:59.062 [main] INFO  s.d.s.w.p.DocumentationPluginsBootstrapper - [start,150] - Found 1 custom documentation plugin(s)
14:45:59.206 [main] INFO  s.d.s.w.s.ApiListingReferenceScanner - [scan,41] - Scanning for api listing references
14:45:59.680 [main] INFO  o.a.c.h.Http11NioProtocol - [log,173] - Starting ProtocolHandler ["http-nio-8001"]
14:45:59.742 [main] INFO  c.g.e.EduApplication - [logStarted,61] - Started EduApplication in 11.887 seconds (JVM running for 14.293)
14:47:15.260 [http-nio-8001-exec-1] INFO  o.a.c.c.C.[.[.[/] - [log,173] - Initializing Spring DispatcherServlet 'dispatcherServlet'
14:48:57.882 [main] INFO  c.g.e.EduApplication - [logStarting,55] - Starting EduApplication on PC-20190829ERVS with PID 10192 (started by Administrator in D:\新建文件夹\guli_parent)
14:48:57.887 [main] INFO  c.g.e.EduApplication - [logStartupProfileInfo,655] - The following profiles are active: dev
14:49:00.173 [main] INFO  o.a.c.h.Http11NioProtocol - [log,173] - Initializing ProtocolHandler ["http-nio-8001"]
14:49:00.174 [main] INFO  o.a.c.c.StandardService - [log,173] - Starting service [Tomcat]
14:49:00.175 [main] INFO  o.a.c.c.StandardEngine - [log,173] - Starting Servlet engine: [Apache Tomcat/9.0.27]
14:49:00.300 [main] INFO  o.a.c.c.C.[.[.[/] - [log,173] - Initializing Spring embedded WebApplicationContext
14:49:00.576 [main] INFO  c.z.h.HikariDataSource - [getConnection,110] - HikariPool-1 - Starting...
14:49:01.365 [main] INFO  c.z.h.HikariDataSource - [getConnection,123] - HikariPool-1 - Start completed.
14:49:02.172 [main] INFO  s.d.s.w.PropertySourcedRequestMappingHandlerMapping - [initHandlerMethods,69] - Mapped URL path [/v2/api-docs] onto method [springfox.documentation.swagger2.web.Swagger2Controller#getDocumentation(String, HttpServletRequest)]
14:49:02.996 [main] INFO  s.d.s.w.p.DocumentationPluginsBootstrapper - [start,147] - Context refreshed
14:49:03.014 [main] INFO  s.d.s.w.p.DocumentationPluginsBootstrapper - [start,150] - Found 1 custom documentation plugin(s)
14:49:03.056 [main] INFO  s.d.s.w.s.ApiListingReferenceScanner - [scan,41] - Scanning for api listing references
14:49:03.307 [main] INFO  o.a.c.h.Http11NioProtocol - [log,173] - Starting ProtocolHandler ["http-nio-8001"]
14:49:03.341 [main] INFO  c.g.e.EduApplication - [logStarted,61] - Started EduApplication in 6.437 seconds (JVM running for 8.276)
14:49:10.769 [http-nio-8001-exec-1] INFO  o.a.c.c.C.[.[.[/] - [log,173] - Initializing Spring DispatcherServlet 'dispatcherServlet'
14:55:03.240 [main] INFO  c.g.e.EduApplication - [logStarting,55] - Starting EduApplication on PC-20190829ERVS with PID 13144 (started by Administrator in D:\新建文件夹\guli_parent)
14:55:03.249 [main] INFO  c.g.e.EduApplication - [logStartupProfileInfo,655] - The following profiles are active: dev
14:55:05.704 [main] INFO  o.a.c.h.Http11NioProtocol - [log,173] - Initializing ProtocolHandler ["http-nio-8001"]
14:55:05.705 [main] INFO  o.a.c.c.StandardService - [log,173] - Starting service [Tomcat]
14:55:05.705 [main] INFO  o.a.c.c.StandardEngine - [log,173] - Starting Servlet engine: [Apache Tomcat/9.0.27]
14:55:05.830 [main] INFO  o.a.c.c.C.[.[.[/] - [log,173] - Initializing Spring embedded WebApplicationContext
14:55:06.074 [main] INFO  c.z.h.HikariDataSource - [getConnection,110] - HikariPool-1 - Starting...
14:55:06.803 [main] INFO  c.z.h.HikariDataSource - [getConnection,123] - HikariPool-1 - Start completed.
14:55:07.445 [main] INFO  s.d.s.w.PropertySourcedRequestMappingHandlerMapping - [initHandlerMethods,69] - Mapped URL path [/v2/api-docs] onto method [springfox.documentation.swagger2.web.Swagger2Controller#getDocumentation(String, HttpServletRequest)]
14:55:08.127 [main] INFO  s.d.s.w.p.DocumentationPluginsBootstrapper - [start,147] - Context refreshed
14:55:08.143 [main] INFO  s.d.s.w.p.DocumentationPluginsBootstrapper - [start,150] - Found 1 custom documentation plugin(s)
14:55:08.185 [main] INFO  s.d.s.w.s.ApiListingReferenceScanner - [scan,41] - Scanning for api listing references
14:55:08.446 [main] INFO  o.a.c.h.Http11NioProtocol - [log,173] - Starting ProtocolHandler ["http-nio-8001"]
14:55:08.476 [main] INFO  c.g.e.EduApplication - [logStarted,61] - Started EduApplication in 6.062 seconds (JVM running for 7.486)
14:55:23.479 [http-nio-8001-exec-1] INFO  o.a.c.c.C.[.[.[/] - [log,173] - Initializing Spring DispatcherServlet 'dispatcherServlet'
15:02:32.982 [main] INFO  c.g.e.EduApplication - [logStarting,55] - Starting EduApplication on PC-20190829ERVS with PID 8024 (started by Administrator in D:\新建文件夹\guli_parent)
15:02:32.987 [main] INFO  c.g.e.EduApplication - [logStartupProfileInfo,655] - The following profiles are active: dev
15:02:35.000 [main] INFO  o.a.c.h.Http11NioProtocol - [log,173] - Initializing ProtocolHandler ["http-nio-8001"]
15:02:35.001 [main] INFO  o.a.c.c.StandardService - [log,173] - Starting service [Tomcat]
15:02:35.002 [main] INFO  o.a.c.c.StandardEngine - [log,173] - Starting Servlet engine: [Apache Tomcat/9.0.27]
15:02:35.120 [main] INFO  o.a.c.c.C.[.[.[/] - [log,173] - Initializing Spring embedded WebApplicationContext
15:02:35.379 [main] INFO  c.z.h.HikariDataSource - [getConnection,110] - HikariPool-1 - Starting...
15:02:36.184 [main] INFO  c.z.h.HikariDataSource - [getConnection,123] - HikariPool-1 - Start completed.
15:02:36.875 [main] INFO  s.d.s.w.PropertySourcedRequestMappingHandlerMapping - [initHandlerMethods,69] - Mapped URL path [/v2/api-docs] onto method [springfox.documentation.swagger2.web.Swagger2Controller#getDocumentation(String, HttpServletRequest)]
15:02:37.598 [main] INFO  s.d.s.w.p.DocumentationPluginsBootstrapper - [start,147] - Context refreshed
15:02:37.618 [main] INFO  s.d.s.w.p.DocumentationPluginsBootstrapper - [start,150] - Found 1 custom documentation plugin(s)
15:02:37.661 [main] INFO  s.d.s.w.s.ApiListingReferenceScanner - [scan,41] - Scanning for api listing references
15:02:37.924 [main] INFO  o.a.c.h.Http11NioProtocol - [log,173] - Starting ProtocolHandler ["http-nio-8001"]
15:02:37.954 [main] INFO  c.g.e.EduApplication - [logStarted,61] - Started EduApplication in 6.136 seconds (JVM running for 7.926)
15:04:00.986 [http-nio-8001-exec-1] INFO  o.a.c.c.C.[.[.[/] - [log,173] - Initializing Spring DispatcherServlet 'dispatcherServlet'
15:29:39.764 [main] INFO  c.g.e.EduApplication - [logStarting,55] - Starting EduApplication on PC-20190829ERVS with PID 10380 (started by Administrator in D:\新建文件夹\guli_parent)
15:29:39.770 [main] INFO  c.g.e.EduApplication - [logStartupProfileInfo,655] - The following profiles are active: dev
15:29:42.610 [main] INFO  o.a.c.h.Http11NioProtocol - [log,173] - Initializing ProtocolHandler ["http-nio-8001"]
15:29:42.611 [main] INFO  o.a.c.c.StandardService - [log,173] - Starting service [Tomcat]
15:29:42.611 [main] INFO  o.a.c.c.StandardEngine - [log,173] - Starting Servlet engine: [Apache Tomcat/9.0.27]
15:29:42.749 [main] INFO  o.a.c.c.C.[.[.[/] - [log,173] - Initializing Spring embedded WebApplicationContext
15:29:43.039 [main] INFO  c.z.h.HikariDataSource - [getConnection,110] - HikariPool-1 - Starting...
15:29:43.861 [main] INFO  c.z.h.HikariDataSource - [getConnection,123] - HikariPool-1 - Start completed.
15:29:45.002 [main] INFO  s.d.s.w.PropertySourcedRequestMappingHandlerMapping - [initHandlerMethods,69] - Mapped URL path [/v2/api-docs] onto method [springfox.documentation.swagger2.web.Swagger2Controller#getDocumentation(String, HttpServletRequest)]
15:29:45.921 [main] INFO  s.d.s.w.p.DocumentationPluginsBootstrapper - [start,147] - Context refreshed
15:29:45.942 [main] INFO  s.d.s.w.p.DocumentationPluginsBootstrapper - [start,150] - Found 1 custom documentation plugin(s)
15:29:45.988 [main] INFO  s.d.s.w.s.ApiListingReferenceScanner - [scan,41] - Scanning for api listing references
15:29:46.543 [main] INFO  o.a.c.h.Http11NioProtocol - [log,173] - Starting ProtocolHandler ["http-nio-8001"]
15:29:46.601 [main] INFO  c.g.e.EduApplication - [logStarted,61] - Started EduApplication in 7.799 seconds (JVM running for 9.503)
15:29:48.033 [http-nio-8001-exec-2] INFO  o.a.c.c.C.[.[.[/] - [log,173] - Initializing Spring DispatcherServlet 'dispatcherServlet'
15:37:50.162 [main] INFO  c.g.e.EduApplication - [logStarting,55] - Starting EduApplication on PC-20190829ERVS with PID 14048 (started by Administrator in D:\新建文件夹\guli_parent)
15:37:50.167 [main] INFO  c.g.e.EduApplication - [logStartupProfileInfo,655] - The following profiles are active: dev
15:37:52.750 [main] INFO  o.a.c.h.Http11NioProtocol - [log,173] - Initializing ProtocolHandler ["http-nio-8001"]
15:37:52.751 [main] INFO  o.a.c.c.StandardService - [log,173] - Starting service [Tomcat]
15:37:52.751 [main] INFO  o.a.c.c.StandardEngine - [log,173] - Starting Servlet engine: [Apache Tomcat/9.0.27]
15:37:52.919 [main] INFO  o.a.c.c.C.[.[.[/] - [log,173] - Initializing Spring embedded WebApplicationContext
15:37:53.257 [main] INFO  c.z.h.HikariDataSource - [getConnection,110] - HikariPool-1 - Starting...
15:37:54.046 [main] INFO  c.z.h.HikariDataSource - [getConnection,123] - HikariPool-1 - Start completed.
15:37:54.799 [main] INFO  s.d.s.w.PropertySourcedRequestMappingHandlerMapping - [initHandlerMethods,69] - Mapped URL path [/v2/api-docs] onto method [springfox.documentation.swagger2.web.Swagger2Controller#getDocumentation(String, HttpServletRequest)]
15:37:55.811 [main] INFO  s.d.s.w.p.DocumentationPluginsBootstrapper - [start,147] - Context refreshed
15:37:55.833 [main] INFO  s.d.s.w.p.DocumentationPluginsBootstrapper - [start,150] - Found 1 custom documentation plugin(s)
15:37:55.882 [main] INFO  s.d.s.w.s.ApiListingReferenceScanner - [scan,41] - Scanning for api listing references
15:37:56.205 [main] INFO  o.a.c.h.Http11NioProtocol - [log,173] - Starting ProtocolHandler ["http-nio-8001"]
15:37:56.243 [main] INFO  c.g.e.EduApplication - [logStarted,61] - Started EduApplication in 7.233 seconds (JVM running for 8.936)
15:38:17.365 [http-nio-8001-exec-1] INFO  o.a.c.c.C.[.[.[/] - [log,173] - Initializing Spring DispatcherServlet 'dispatcherServlet'
15:41:26.374 [main] INFO  c.g.e.EduApplication - [logStarting,55] - Starting EduApplication on PC-20190829ERVS with PID 8520 (started by Administrator in D:\新建文件夹\guli_parent)
15:41:26.379 [main] INFO  c.g.e.EduApplication - [logStartupProfileInfo,655] - The following profiles are active: dev
15:41:28.736 [main] INFO  o.a.c.h.Http11NioProtocol - [log,173] - Initializing ProtocolHandler ["http-nio-8001"]
15:41:28.737 [main] INFO  o.a.c.c.StandardService - [log,173] - Starting service [Tomcat]
15:41:28.738 [main] INFO  o.a.c.c.StandardEngine - [log,173] - Starting Servlet engine: [Apache Tomcat/9.0.27]
15:41:28.884 [main] INFO  o.a.c.c.C.[.[.[/] - [log,173] - Initializing Spring embedded WebApplicationContext
15:41:29.141 [main] INFO  c.z.h.HikariDataSource - [getConnection,110] - HikariPool-1 - Starting...
15:41:29.910 [main] INFO  c.z.h.HikariDataSource - [getConnection,123] - HikariPool-1 - Start completed.
15:41:30.637 [main] INFO  s.d.s.w.PropertySourcedRequestMappingHandlerMapping - [initHandlerMethods,69] - Mapped URL path [/v2/api-docs] onto method [springfox.documentation.swagger2.web.Swagger2Controller#getDocumentation(String, HttpServletRequest)]
15:41:31.378 [main] INFO  s.d.s.w.p.DocumentationPluginsBootstrapper - [start,147] - Context refreshed
15:41:31.395 [main] INFO  s.d.s.w.p.DocumentationPluginsBootstrapper - [start,150] - Found 1 custom documentation plugin(s)
15:41:31.436 [main] INFO  s.d.s.w.s.ApiListingReferenceScanner - [scan,41] - Scanning for api listing references
15:41:31.683 [main] INFO  o.a.c.h.Http11NioProtocol - [log,173] - Starting ProtocolHandler ["http-nio-8001"]
15:41:31.715 [main] INFO  c.g.e.EduApplication - [logStarted,61] - Started EduApplication in 6.165 seconds (JVM running for 7.967)
15:42:06.880 [http-nio-8001-exec-1] INFO  o.a.c.c.C.[.[.[/] - [log,173] - Initializing Spring DispatcherServlet 'dispatcherServlet'
15:43:02.998 [main] INFO  c.g.e.EduApplication - [logStarting,55] - Starting EduApplication on PC-20190829ERVS with PID 8412 (started by Administrator in D:\新建文件夹\guli_parent)
15:43:03.004 [main] INFO  c.g.e.EduApplication - [logStartupProfileInfo,655] - The following profiles are active: dev
15:43:05.789 [main] INFO  o.a.c.h.Http11NioProtocol - [log,173] - Initializing ProtocolHandler ["http-nio-8001"]
15:43:05.790 [main] INFO  o.a.c.c.StandardService - [log,173] - Starting service [Tomcat]
15:43:05.790 [main] INFO  o.a.c.c.StandardEngine - [log,173] - Starting Servlet engine: [Apache Tomcat/9.0.27]
15:43:05.925 [main] INFO  o.a.c.c.C.[.[.[/] - [log,173] - Initializing Spring embedded WebApplicationContext
15:43:06.200 [main] INFO  c.z.h.HikariDataSource - [getConnection,110] - HikariPool-1 - Starting...
15:43:06.991 [main] INFO  c.z.h.HikariDataSource - [getConnection,123] - HikariPool-1 - Start completed.
15:43:07.679 [main] INFO  s.d.s.w.PropertySourcedRequestMappingHandlerMapping - [initHandlerMethods,69] - Mapped URL path [/v2/api-docs] onto method [springfox.documentation.swagger2.web.Swagger2Controller#getDocumentation(String, HttpServletRequest)]
15:43:08.437 [main] INFO  s.d.s.w.p.DocumentationPluginsBootstrapper - [start,147] - Context refreshed
15:43:08.456 [main] INFO  s.d.s.w.p.DocumentationPluginsBootstrapper - [start,150] - Found 1 custom documentation plugin(s)
15:43:08.505 [main] INFO  s.d.s.w.s.ApiListingReferenceScanner - [scan,41] - Scanning for api listing references
15:43:08.795 [main] INFO  o.a.c.h.Http11NioProtocol - [log,173] - Starting ProtocolHandler ["http-nio-8001"]
15:43:08.827 [main] INFO  c.g.e.EduApplication - [logStarted,61] - Started EduApplication in 6.914 seconds (JVM running for 8.633)
15:43:18.855 [http-nio-8001-exec-1] INFO  o.a.c.c.C.[.[.[/] - [log,173] - Initializing Spring DispatcherServlet 'dispatcherServlet'
