09:31:38.275 [main] INFO  c.g.e.EduApplication - [logStarting,55] - Starting EduApplication on PC-20190829ERVS with PID 9788 (started by Administrator in D:\新建文件夹\guli_parent)
09:31:38.285 [main] INFO  c.g.e.EduApplication - [logStartupProfileInfo,655] - The following profiles are active: dev
09:31:47.676 [main] INFO  o.a.c.h.Http11NioProtocol - [log,173] - Initializing ProtocolHandler ["http-nio-8001"]
09:31:47.677 [main] INFO  o.a.c.c.StandardService - [log,173] - Starting service [Tomcat]
09:31:47.678 [main] INFO  o.a.c.c.StandardEngine - [log,173] - Starting Servlet engine: [Apache Tomcat/9.0.27]
09:31:47.947 [main] INFO  o.a.c.c.C.[.[.[/] - [log,173] - Initializing Spring embedded WebApplicationContext
09:31:48.780 [main] INFO  c.z.h.HikariDataSource - [getConnection,110] - HikariPool-1 - Starting...
09:31:50.420 [main] INFO  c.z.h.HikariDataSource - [getConnection,123] - HikariPool-1 - Start completed.
09:31:52.025 [main] INFO  s.d.s.w.PropertySourcedRequestMappingHandlerMapping - [initHandlerMethods,69] - Mapped URL path [/v2/api-docs] onto method [springfox.documentation.swagger2.web.Swagger2Controller#getDocumentation(String, HttpServletRequest)]
09:31:56.153 [main] INFO  s.d.s.w.p.DocumentationPluginsBootstrapper - [start,147] - Context refreshed
09:31:56.175 [main] INFO  s.d.s.w.p.DocumentationPluginsBootstrapper - [start,150] - Found 1 custom documentation plugin(s)
09:31:56.220 [main] INFO  s.d.s.w.s.ApiListingReferenceScanner - [scan,41] - Scanning for api listing references
09:31:56.714 [main] INFO  o.a.c.h.Http11NioProtocol - [log,173] - Starting ProtocolHandler ["http-nio-8001"]
09:31:56.805 [main] INFO  c.g.e.EduApplication - [logStarted,61] - Started EduApplication in 20.803 seconds (JVM running for 23.707)
09:32:53.890 [http-nio-8001-exec-1] INFO  o.a.c.c.C.[.[.[/] - [log,173] - Initializing Spring DispatcherServlet 'dispatcherServlet'
16:40:06.862 [main] INFO  c.g.e.EduApplication - [logStarting,55] - Starting EduApplication on PC-20190829ERVS with PID 9896 (started by Administrator in D:\新建文件夹\guli_parent)
16:40:06.871 [main] INFO  c.g.e.EduApplication - [logStartupProfileInfo,655] - The following profiles are active: dev
16:40:10.506 [main] INFO  o.a.c.h.Http11NioProtocol - [log,173] - Initializing ProtocolHandler ["http-nio-8001"]
16:40:10.507 [main] INFO  o.a.c.c.StandardService - [log,173] - Starting service [Tomcat]
16:40:10.508 [main] INFO  o.a.c.c.StandardEngine - [log,173] - Starting Servlet engine: [Apache Tomcat/9.0.27]
16:40:10.771 [main] INFO  o.a.c.c.C.[.[.[/] - [log,173] - Initializing Spring embedded WebApplicationContext
16:40:11.543 [main] INFO  c.z.h.HikariDataSource - [getConnection,110] - HikariPool-1 - Starting...
16:40:13.680 [main] INFO  c.z.h.HikariDataSource - [getConnection,123] - HikariPool-1 - Start completed.
16:40:15.323 [main] INFO  s.d.s.w.PropertySourcedRequestMappingHandlerMapping - [initHandlerMethods,69] - Mapped URL path [/v2/api-docs] onto method [springfox.documentation.swagger2.web.Swagger2Controller#getDocumentation(String, HttpServletRequest)]
16:40:16.412 [main] INFO  s.d.s.w.p.DocumentationPluginsBootstrapper - [start,147] - Context refreshed
16:40:16.436 [main] INFO  s.d.s.w.p.DocumentationPluginsBootstrapper - [start,150] - Found 1 custom documentation plugin(s)
16:40:16.485 [main] INFO  s.d.s.w.s.ApiListingReferenceScanner - [scan,41] - Scanning for api listing references
16:40:16.788 [main] INFO  o.a.c.h.Http11NioProtocol - [log,173] - Starting ProtocolHandler ["http-nio-8001"]
16:40:16.824 [main] INFO  c.g.e.EduApplication - [logStarted,61] - Started EduApplication in 10.897 seconds (JVM running for 12.444)
16:41:06.489 [http-nio-8001-exec-1] INFO  o.a.c.c.C.[.[.[/] - [log,173] - Initializing Spring DispatcherServlet 'dispatcherServlet'
